<?xml version="1.0" encoding="UTF-8"?>
<!-- Generated by org.testng.reporters.JUnitXMLReporter -->
<testsuite ignored="0" hostname="Bharath" failures="0" tests="4" name="Default test" time="0.096" errors="0" timestamp="2025-04-30T08:11:51 IST">
  <testcase classname="framework.tesng.concepts.WebCommons" name="@BeforeMethod launchBrowserAndApplication" time="-1.745980910959E9">
    <failure type="org.testng.TestNGException" message="
Parameter &amp;apos;BROWSER&amp;apos; is required by BeforeMethod on method launchBrowserAndApplication but has not been marked @Optional or defined
in C:\Users\india\AppData\Local\Temp\testng-eclipse-104711917\testng-customsuite.xml">
      <![CDATA[org.testng.TestNGException: 
Parameter 'BROWSER' is required by BeforeMethod on method launchBrowserAndApplication but has not been marked @Optional or defined
in C:\Users\india\AppData\Local\Temp\testng-eclipse-104711917\testng-customsuite.xml
at org.testng.internal.Parameters.createParams(Parameters.java:264)
at org.testng.internal.Parameters.createParametersForMethod(Parameters.java:352)
at org.testng.internal.Parameters.createParameters(Parameters.java:690)
at org.testng.internal.Parameters.createConfigurationParameters(Parameters.java:163)
at org.testng.internal.invokers.ConfigInvoker.invokeConfigurations(ConfigInvoker.java:313)
at org.testng.internal.invokers.TestInvoker.runConfigMethods(TestInvoker.java:836)
at org.testng.internal.invokers.TestInvoker.invokeMethod(TestInvoker.java:601)
at org.testng.internal.invokers.TestInvoker.invokeTestMethod(TestInvoker.java:230)
at org.testng.internal.invokers.MethodRunner.runInSequence(MethodRunner.java:63)
at org.testng.internal.invokers.TestInvoker$MethodInvocationAgent.invoke(TestInvoker.java:995)
at org.testng.internal.invokers.TestInvoker.invokeTestMethods(TestInvoker.java:203)
at org.testng.internal.invokers.TestMethodWorker.invokeTestMethods(TestMethodWorker.java:154)
at org.testng.internal.invokers.TestMethodWorker.run(TestMethodWorker.java:134)
at java.base/java.util.ArrayList.forEach(ArrayList.java:1596)
at org.testng.TestRunner.privateRun(TestRunner.java:741)
at org.testng.TestRunner.run(TestRunner.java:616)
at org.testng.SuiteRunner.runTest(SuiteRunner.java:421)
at org.testng.SuiteRunner.runSequentially(SuiteRunner.java:413)
at org.testng.SuiteRunner.privateRun(SuiteRunner.java:373)
at org.testng.SuiteRunner.run(SuiteRunner.java:312)
at org.testng.SuiteRunnerWorker.runSuite(SuiteRunnerWorker.java:52)
at org.testng.SuiteRunnerWorker.run(SuiteRunnerWorker.java:95)
at org.testng.TestNG.runSuitesSequentially(TestNG.java:1274)
at org.testng.TestNG.runSuitesLocally(TestNG.java:1208)
at org.testng.TestNG.runSuites(TestNG.java:1112)
at org.testng.TestNG.run(TestNG.java:1079)
at org.testng.remote.AbstractRemoteTestNG.run(AbstractRemoteTestNG.java:115)
at org.testng.remote.RemoteTestNG.initAndRun(RemoteTestNG.java:293)
at org.testng.remote.RemoteTestNG.main(RemoteTestNG.java:91)
]]>
    </failure>
  </testcase> <!-- @BeforeMethod launchBrowserAndApplication -->
  <testcase classname="framework.tesng.concepts.WebCommons" name="@AfterMethod closeBrowser" time="0.0">
    <skipped/>
  </testcase> <!-- @AfterMethod closeBrowser -->
  <testcase classname="framework.tesng.concepts.WebCommons" name="@BeforeMethod launchBrowserAndApplication" time="0.0">
    <skipped/>
  </testcase> <!-- @BeforeMethod launchBrowserAndApplication -->
  <testcase classname="framework.tesng.concepts.WebCommons" name="@AfterMethod closeBrowser" time="0.0">
    <skipped/>
  </testcase> <!-- @AfterMethod closeBrowser -->
  <testcase classname="framework.tesng.concepts.WebCommons" name="@BeforeMethod launchBrowserAndApplication" time="0.0">
    <skipped/>
  </testcase> <!-- @BeforeMethod launchBrowserAndApplication -->
  <testcase classname="framework.tesng.concepts.WebCommons" name="@AfterMethod closeBrowser" time="0.0">
    <skipped/>
  </testcase> <!-- @AfterMethod closeBrowser -->
  <testcase classname="framework.tesng.concepts.WebCommons" name="@BeforeMethod launchBrowserAndApplication" time="0.0">
    <skipped/>
  </testcase> <!-- @BeforeMethod launchBrowserAndApplication -->
  <testcase classname="framework.tesng.concepts.WebCommons" name="@AfterMethod closeBrowser" time="0.0">
    <skipped/>
  </testcase> <!-- @AfterMethod closeBrowser -->
  <testcase classname="framework.tesng.concepts.AppCommons" name="TestCase3" time="0.0">
    <skipped/>
  </testcase> <!-- TestCase3 -->
  <testcase classname="framework.tesng.concepts.AppCommons" name="TestCase3" time="0.0">
    <skipped/>
  </testcase> <!-- TestCase3 -->
  <testcase classname="framework.tesng.concepts.AppCommons" name="TestCase2" time="0.0">
    <skipped/>
  </testcase> <!-- TestCase2 -->
  <testcase classname="framework.tesng.concepts.AppCommons" name="TestCase1" time="0.0">
    <skipped/>
  </testcase> <!-- TestCase1 -->
</testsuite> <!-- Default test -->
